[debug] [2025-08-22T02:36:39.987Z] ----------------------------------------------------------------------
[debug] [2025-08-22T02:36:39.988Z] Command:       /Users/dadanisme/.nvm/versions/node/v22.14.0/bin/node /Users/dadanisme/.nvm/versions/node/v22.14.0/bin/firebase deploy
[debug] [2025-08-22T02:36:39.989Z] CLI Version:   14.14.0
[debug] [2025-08-22T02:36:39.989Z] Platform:      darwin
[debug] [2025-08-22T02:36:39.989Z] Node Version:  v22.14.0
[debug] [2025-08-22T02:36:39.989Z] Time:          Fri Aug 22 2025 10:36:39 GMT+0800 (Central Indonesia Time)
[debug] [2025-08-22T02:36:39.989Z] ----------------------------------------------------------------------
[debug] 
[debug] [2025-08-22T02:36:40.070Z] > command requires scopes: ["email","openid","https://www.googleapis.com/auth/cloudplatformprojects.readonly","https://www.googleapis.com/auth/firebase","https://www.googleapis.com/auth/cloud-platform"]
[debug] [2025-08-22T02:36:40.070Z] > authorizing via signed-in user (huntercitation@gmail.com)
[debug] [2025-08-22T02:36:40.070Z] [iam] checking project team-03-a3c10 for permissions ["cloudfunctions.functions.create","cloudfunctions.functions.delete","cloudfunctions.functions.get","cloudfunctions.functions.list","cloudfunctions.functions.update","cloudfunctions.operations.get","firebase.projects.get"]
[debug] [2025-08-22T02:36:40.070Z] Checked if tokens are valid: true, expires at: 1755832041914
[debug] [2025-08-22T02:36:40.070Z] Checked if tokens are valid: true, expires at: 1755832041914
[debug] [2025-08-22T02:36:40.071Z] >>> [apiv2][query] POST https://cloudresourcemanager.googleapis.com/v1/projects/team-03-a3c10:testIamPermissions [none]
[debug] [2025-08-22T02:36:40.071Z] >>> [apiv2][(partial)header] POST https://cloudresourcemanager.googleapis.com/v1/projects/team-03-a3c10:testIamPermissions x-goog-quota-user=projects/team-03-a3c10
[debug] [2025-08-22T02:36:40.071Z] >>> [apiv2][body] POST https://cloudresourcemanager.googleapis.com/v1/projects/team-03-a3c10:testIamPermissions {"permissions":["cloudfunctions.functions.create","cloudfunctions.functions.delete","cloudfunctions.functions.get","cloudfunctions.functions.list","cloudfunctions.functions.update","cloudfunctions.operations.get","firebase.projects.get"]}
[debug] [2025-08-22T02:36:40.634Z] <<< [apiv2][status] POST https://cloudresourcemanager.googleapis.com/v1/projects/team-03-a3c10:testIamPermissions 200
[debug] [2025-08-22T02:36:40.634Z] <<< [apiv2][body] POST https://cloudresourcemanager.googleapis.com/v1/projects/team-03-a3c10:testIamPermissions {"permissions":["cloudfunctions.functions.create","cloudfunctions.functions.delete","cloudfunctions.functions.get","cloudfunctions.functions.list","cloudfunctions.functions.update","cloudfunctions.operations.get","firebase.projects.get"]}
[debug] [2025-08-22T02:36:40.634Z] Checked if tokens are valid: true, expires at: 1755832041914
[debug] [2025-08-22T02:36:40.634Z] Checked if tokens are valid: true, expires at: 1755832041914
[debug] [2025-08-22T02:36:40.634Z] >>> [apiv2][query] POST https://iam.googleapis.com/v1/projects/team-03-a3c10/serviceAccounts/team-03-a3c10@appspot.gserviceaccount.com:testIamPermissions [none]
[debug] [2025-08-22T02:36:40.634Z] >>> [apiv2][body] POST https://iam.googleapis.com/v1/projects/team-03-a3c10/serviceAccounts/team-03-a3c10@appspot.gserviceaccount.com:testIamPermissions {"permissions":["iam.serviceAccounts.actAs"]}
[debug] [2025-08-22T02:36:42.161Z] <<< [apiv2][status] POST https://iam.googleapis.com/v1/projects/team-03-a3c10/serviceAccounts/team-03-a3c10@appspot.gserviceaccount.com:testIamPermissions 200
[debug] [2025-08-22T02:36:42.161Z] <<< [apiv2][body] POST https://iam.googleapis.com/v1/projects/team-03-a3c10/serviceAccounts/team-03-a3c10@appspot.gserviceaccount.com:testIamPermissions {"permissions":["iam.serviceAccounts.actAs"]}
[info] 
[info] === Deploying to 'team-03-a3c10'...
[info] 
[info] i  deploying functions 
[info] Running command: npm --prefix "$RESOURCE_DIR" run build
[debug] [2025-08-22T02:36:53.319Z] ----------------------------------------------------------------------
[debug] [2025-08-22T02:36:53.320Z] Command:       /Users/dadanisme/.nvm/versions/node/v22.14.0/bin/node /Users/dadanisme/.nvm/versions/node/v22.14.0/bin/firebase deploy
[debug] [2025-08-22T02:36:53.321Z] CLI Version:   14.14.0
[debug] [2025-08-22T02:36:53.321Z] Platform:      darwin
[debug] [2025-08-22T02:36:53.321Z] Node Version:  v22.14.0
[debug] [2025-08-22T02:36:53.321Z] Time:          Fri Aug 22 2025 10:36:53 GMT+0800 (Central Indonesia Time)
[debug] [2025-08-22T02:36:53.321Z] ----------------------------------------------------------------------
[debug] 
[debug] [2025-08-22T02:36:53.395Z] > command requires scopes: ["email","openid","https://www.googleapis.com/auth/cloudplatformprojects.readonly","https://www.googleapis.com/auth/firebase","https://www.googleapis.com/auth/cloud-platform"]
[debug] [2025-08-22T02:36:53.395Z] > authorizing via signed-in user (huntercitation@gmail.com)
[debug] [2025-08-22T02:36:53.395Z] [iam] checking project team-03-a3c10 for permissions ["cloudfunctions.functions.create","cloudfunctions.functions.delete","cloudfunctions.functions.get","cloudfunctions.functions.list","cloudfunctions.functions.update","cloudfunctions.operations.get","firebase.projects.get"]
[debug] [2025-08-22T02:36:53.395Z] Checked if tokens are valid: true, expires at: 1755832041914
[debug] [2025-08-22T02:36:53.395Z] Checked if tokens are valid: true, expires at: 1755832041914
[debug] [2025-08-22T02:36:53.396Z] >>> [apiv2][query] POST https://cloudresourcemanager.googleapis.com/v1/projects/team-03-a3c10:testIamPermissions [none]
[debug] [2025-08-22T02:36:53.396Z] >>> [apiv2][(partial)header] POST https://cloudresourcemanager.googleapis.com/v1/projects/team-03-a3c10:testIamPermissions x-goog-quota-user=projects/team-03-a3c10
[debug] [2025-08-22T02:36:53.396Z] >>> [apiv2][body] POST https://cloudresourcemanager.googleapis.com/v1/projects/team-03-a3c10:testIamPermissions {"permissions":["cloudfunctions.functions.create","cloudfunctions.functions.delete","cloudfunctions.functions.get","cloudfunctions.functions.list","cloudfunctions.functions.update","cloudfunctions.operations.get","firebase.projects.get"]}
[debug] [2025-08-22T02:36:54.616Z] <<< [apiv2][status] POST https://cloudresourcemanager.googleapis.com/v1/projects/team-03-a3c10:testIamPermissions 200
[debug] [2025-08-22T02:36:54.616Z] <<< [apiv2][body] POST https://cloudresourcemanager.googleapis.com/v1/projects/team-03-a3c10:testIamPermissions {"permissions":["cloudfunctions.functions.create","cloudfunctions.functions.delete","cloudfunctions.functions.get","cloudfunctions.functions.list","cloudfunctions.functions.update","cloudfunctions.operations.get","firebase.projects.get"]}
[debug] [2025-08-22T02:36:54.616Z] Checked if tokens are valid: true, expires at: 1755832041914
[debug] [2025-08-22T02:36:54.616Z] Checked if tokens are valid: true, expires at: 1755832041914
[debug] [2025-08-22T02:36:54.616Z] >>> [apiv2][query] POST https://iam.googleapis.com/v1/projects/team-03-a3c10/serviceAccounts/team-03-a3c10@appspot.gserviceaccount.com:testIamPermissions [none]
[debug] [2025-08-22T02:36:54.616Z] >>> [apiv2][body] POST https://iam.googleapis.com/v1/projects/team-03-a3c10/serviceAccounts/team-03-a3c10@appspot.gserviceaccount.com:testIamPermissions {"permissions":["iam.serviceAccounts.actAs"]}
[debug] [2025-08-22T02:36:55.963Z] <<< [apiv2][status] POST https://iam.googleapis.com/v1/projects/team-03-a3c10/serviceAccounts/team-03-a3c10@appspot.gserviceaccount.com:testIamPermissions 200
[debug] [2025-08-22T02:36:55.963Z] <<< [apiv2][body] POST https://iam.googleapis.com/v1/projects/team-03-a3c10/serviceAccounts/team-03-a3c10@appspot.gserviceaccount.com:testIamPermissions {"permissions":["iam.serviceAccounts.actAs"]}
[info] 
[info] === Deploying to 'team-03-a3c10'...
[info] 
[info] i  deploying functions 
[info] Running command: npm --prefix "$RESOURCE_DIR" run build
[info] ✔  functions: Finished running predeploy script. 
[debug] [2025-08-22T02:36:58.049Z] Checked if tokens are valid: true, expires at: 1755832041914
[debug] [2025-08-22T02:36:58.049Z] Checked if tokens are valid: true, expires at: 1755832041914
[debug] [2025-08-22T02:36:58.049Z] >>> [apiv2][query] GET https://cloudresourcemanager.googleapis.com/v1/projects/team-03-a3c10 [none]
[debug] [2025-08-22T02:36:58.334Z] <<< [apiv2][status] GET https://cloudresourcemanager.googleapis.com/v1/projects/team-03-a3c10 200
[debug] [2025-08-22T02:36:58.334Z] <<< [apiv2][body] GET https://cloudresourcemanager.googleapis.com/v1/projects/team-03-a3c10 {"projectNumber":"528533156733","projectId":"team-03-a3c10","lifecycleState":"ACTIVE","name":"team-03","labels":{"firebase":"enabled","firebase-core":"disabled"},"createTime":"2025-08-08T02:16:57.203776Z"}
[info] i  functions: preparing codebase default for deployment 
[info] i  functions: ensuring required API cloudfunctions.googleapis.com is enabled... 
[info] i  functions: ensuring required API cloudbuild.googleapis.com is enabled... 
[info] i  artifactregistry: ensuring required API artifactregistry.googleapis.com is enabled... 
[debug] [2025-08-22T02:36:58.335Z] Checked if tokens are valid: true, expires at: 1755832041914
[debug] [2025-08-22T02:36:58.335Z] Checked if tokens are valid: true, expires at: 1755832041914
[debug] [2025-08-22T02:36:58.335Z] >>> [apiv2][query] GET https://firebase.googleapis.com/v1beta1/projects/team-03-a3c10/adminSdkConfig [none]
[debug] [2025-08-22T02:36:59.021Z] <<< [apiv2][status] GET https://firebase.googleapis.com/v1beta1/projects/team-03-a3c10/adminSdkConfig 200
[debug] [2025-08-22T02:36:59.021Z] <<< [apiv2][body] GET https://firebase.googleapis.com/v1beta1/projects/team-03-a3c10/adminSdkConfig {"projectId":"team-03-a3c10","storageBucket":"team-03-a3c10.firebasestorage.app"}
[debug] [2025-08-22T02:36:59.022Z] Checked if tokens are valid: true, expires at: 1755832041914
[debug] [2025-08-22T02:36:59.022Z] Checked if tokens are valid: true, expires at: 1755832041914
[debug] [2025-08-22T02:36:59.022Z] >>> [apiv2][query] GET https://runtimeconfig.googleapis.com/v1beta1/projects/team-03-a3c10/configs [none]
[debug] [2025-08-22T02:36:59.720Z] <<< [apiv2][status] GET https://runtimeconfig.googleapis.com/v1beta1/projects/team-03-a3c10/configs 200
[debug] [2025-08-22T02:36:59.720Z] <<< [apiv2][body] GET https://runtimeconfig.googleapis.com/v1beta1/projects/team-03-a3c10/configs {}
[debug] [2025-08-22T02:36:59.721Z] Validating nodejs source
[debug] [2025-08-22T02:37:00.084Z] > [functions] package.json contents: {
  "name": "functions",
  "scripts": {
    "build": "tsc",
    "build:watch": "tsc --watch",
    "serve": "npm run build && firebase emulators:start --only functions",
    "shell": "npm run build && firebase functions:shell",
    "start": "npm run shell",
    "deploy": "firebase deploy --only functions",
    "logs": "firebase functions:log"
  },
  "engines": {
    "node": "22"
  },
  "main": "lib/index.js",
  "dependencies": {
    "firebase-admin": "^12.6.0",
    "firebase-functions": "^6.0.1"
  },
  "devDependencies": {
    "firebase-functions-test": "^3.1.0",
    "typescript": "^5.9.2"
  },
  "private": true
}
[debug] [2025-08-22T02:37:00.084Z] Building nodejs source
[info] i  functions: Loading and analyzing source code for codebase default to determine what to deploy 
[debug] [2025-08-22T02:37:00.084Z] Could not find functions.yaml. Must use http discovery
[debug] [2025-08-22T02:37:00.088Z] Found firebase-functions binary at '/Users/dadanisme/Documents/Workspace/Apple Developer Academy/CH4-Community/web-admin/functions/node_modules/.bin/firebase-functions'
[info] Serving at port 8749

[debug] [2025-08-22T02:37:00.380Z] Got response from /__/functions.yaml {"endpoints":{"helloWorld":{"availableMemoryMb":null,"timeoutSeconds":null,"minInstances":null,"maxInstances":null,"ingressSettings":null,"concurrency":null,"serviceAccountEmail":null,"vpc":null,"platform":"gcfv2","labels":{},"httpsTrigger":{},"entryPoint":"helloWorld"}},"specVersion":"v1alpha1","requiredAPIs":[],"extensions":{}}
[info] i  extensions: ensuring required API firebaseextensions.googleapis.com is enabled... 
[debug] [2025-08-22T02:37:04.394Z] > command requires scopes: ["email","openid","https://www.googleapis.com/auth/cloudplatformprojects.readonly","https://www.googleapis.com/auth/firebase","https://www.googleapis.com/auth/cloud-platform"]
[debug] [2025-08-22T02:37:04.394Z] > authorizing via signed-in user (huntercitation@gmail.com)
[debug] [2025-08-22T02:37:04.394Z] [iam] checking project team-03-a3c10 for permissions ["firebase.projects.get","firebaseextensions.instances.list"]
[debug] [2025-08-22T02:37:04.394Z] Checked if tokens are valid: true, expires at: 1755832041914
[debug] [2025-08-22T02:37:04.394Z] Checked if tokens are valid: true, expires at: 1755832041914
[debug] [2025-08-22T02:37:04.394Z] >>> [apiv2][query] POST https://cloudresourcemanager.googleapis.com/v1/projects/team-03-a3c10:testIamPermissions [none]
[debug] [2025-08-22T02:37:04.394Z] >>> [apiv2][(partial)header] POST https://cloudresourcemanager.googleapis.com/v1/projects/team-03-a3c10:testIamPermissions x-goog-quota-user=projects/team-03-a3c10
[debug] [2025-08-22T02:37:04.394Z] >>> [apiv2][body] POST https://cloudresourcemanager.googleapis.com/v1/projects/team-03-a3c10:testIamPermissions {"permissions":["firebase.projects.get","firebaseextensions.instances.list"]}
[debug] [2025-08-22T02:37:05.863Z] <<< [apiv2][status] POST https://cloudresourcemanager.googleapis.com/v1/projects/team-03-a3c10:testIamPermissions 200
[debug] [2025-08-22T02:37:05.863Z] <<< [apiv2][body] POST https://cloudresourcemanager.googleapis.com/v1/projects/team-03-a3c10:testIamPermissions {"permissions":["firebase.projects.get","firebaseextensions.instances.list"]}
[debug] [2025-08-22T02:37:05.863Z] Checked if tokens are valid: true, expires at: 1755832041914
[debug] [2025-08-22T02:37:05.863Z] Checked if tokens are valid: true, expires at: 1755832041914
[debug] [2025-08-22T02:37:05.863Z] >>> [apiv2][query] GET https://firebaseextensions.googleapis.com/v1beta/projects/team-03-a3c10/instances pageSize=100&pageToken=
[debug] [2025-08-22T02:37:07.170Z] <<< [apiv2][status] GET https://firebaseextensions.googleapis.com/v1beta/projects/team-03-a3c10/instances 200
[debug] [2025-08-22T02:37:07.171Z] <<< [apiv2][body] GET https://firebaseextensions.googleapis.com/v1beta/projects/team-03-a3c10/instances {}
[info] i  functions: preparing functions directory for uploading... 
[info] i  functions: packaged /Users/dadanisme/Documents/Workspace/Apple Developer Academy/CH4-Community/web-admin/functions (75.7 KB) for uploading 
[debug] [2025-08-22T02:37:07.210Z] Checked if tokens are valid: true, expires at: 1755832041914
[debug] [2025-08-22T02:37:07.210Z] Checked if tokens are valid: true, expires at: 1755832041914
[debug] [2025-08-22T02:37:07.210Z] >>> [apiv2][query] GET https://cloudfunctions.googleapis.com/v1/projects/team-03-a3c10/locations/-/functions [none]
[debug] [2025-08-22T02:37:07.975Z] <<< [apiv2][status] GET https://cloudfunctions.googleapis.com/v1/projects/team-03-a3c10/locations/-/functions 200
[debug] [2025-08-22T02:37:07.975Z] <<< [apiv2][body] GET https://cloudfunctions.googleapis.com/v1/projects/team-03-a3c10/locations/-/functions {}
[debug] [2025-08-22T02:37:07.976Z] Checked if tokens are valid: true, expires at: 1755832041914
[debug] [2025-08-22T02:37:07.976Z] Checked if tokens are valid: true, expires at: 1755832041914
[debug] [2025-08-22T02:37:07.976Z] >>> [apiv2][query] GET https://cloudfunctions.googleapis.com/v2/projects/team-03-a3c10/locations/-/functions filter=environment%3D%22GEN_2%22
[debug] [2025-08-22T02:37:09.599Z] <<< [apiv2][status] GET https://cloudfunctions.googleapis.com/v2/projects/team-03-a3c10/locations/-/functions 200
[debug] [2025-08-22T02:37:09.599Z] <<< [apiv2][body] GET https://cloudfunctions.googleapis.com/v2/projects/team-03-a3c10/locations/-/functions {}
[info] i  functions: ensuring required API run.googleapis.com is enabled... 
[info] i  functions: ensuring required API eventarc.googleapis.com is enabled... 
[info] i  functions: ensuring required API pubsub.googleapis.com is enabled... 
[info] i  functions: ensuring required API storage.googleapis.com is enabled... 
[info] i  functions: generating the service identity for pubsub.googleapis.com... 
[debug] [2025-08-22T02:37:09.603Z] Checked if tokens are valid: true, expires at: 1755832041914
[debug] [2025-08-22T02:37:09.603Z] Checked if tokens are valid: true, expires at: 1755832041914
[info] i  functions: generating the service identity for eventarc.googleapis.com... 
[debug] [2025-08-22T02:37:09.603Z] Checked if tokens are valid: true, expires at: 1755832041914
[debug] [2025-08-22T02:37:09.603Z] Checked if tokens are valid: true, expires at: 1755832041914
[debug] [2025-08-22T02:37:09.603Z] >>> [apiv2][query] POST https://serviceusage.googleapis.com/v1beta1/projects/528533156733/services/pubsub.googleapis.com:generateServiceIdentity [none]
[debug] [2025-08-22T02:37:09.603Z] >>> [apiv2][(partial)header] POST https://serviceusage.googleapis.com/v1beta1/projects/528533156733/services/pubsub.googleapis.com:generateServiceIdentity x-goog-quota-user=projects/528533156733
[debug] [2025-08-22T02:37:09.603Z] >>> [apiv2][body] POST https://serviceusage.googleapis.com/v1beta1/projects/528533156733/services/pubsub.googleapis.com:generateServiceIdentity {}
[debug] [2025-08-22T02:37:09.604Z] >>> [apiv2][query] POST https://serviceusage.googleapis.com/v1beta1/projects/528533156733/services/eventarc.googleapis.com:generateServiceIdentity [none]
[debug] [2025-08-22T02:37:09.604Z] >>> [apiv2][(partial)header] POST https://serviceusage.googleapis.com/v1beta1/projects/528533156733/services/eventarc.googleapis.com:generateServiceIdentity x-goog-quota-user=projects/528533156733
[debug] [2025-08-22T02:37:09.605Z] >>> [apiv2][body] POST https://serviceusage.googleapis.com/v1beta1/projects/528533156733/services/eventarc.googleapis.com:generateServiceIdentity {}
[debug] [2025-08-22T02:37:11.059Z] <<< [apiv2][status] POST https://serviceusage.googleapis.com/v1beta1/projects/528533156733/services/pubsub.googleapis.com:generateServiceIdentity 200
[debug] [2025-08-22T02:37:11.059Z] <<< [apiv2][body] POST https://serviceusage.googleapis.com/v1beta1/projects/528533156733/services/pubsub.googleapis.com:generateServiceIdentity {"name":"operations/finished.DONE_OPERATION","done":true,"response":{"@type":"type.googleapis.com/google.api.serviceusage.v1beta1.ServiceIdentity","email":"service-528533156733@gcp-sa-pubsub.iam.gserviceaccount.com","uniqueId":"102637810110566290248"}}
[debug] [2025-08-22T02:37:11.126Z] <<< [apiv2][status] POST https://serviceusage.googleapis.com/v1beta1/projects/528533156733/services/eventarc.googleapis.com:generateServiceIdentity 200
[debug] [2025-08-22T02:37:11.126Z] <<< [apiv2][body] POST https://serviceusage.googleapis.com/v1beta1/projects/528533156733/services/eventarc.googleapis.com:generateServiceIdentity {"name":"operations/finished.DONE_OPERATION","done":true,"response":{"@type":"type.googleapis.com/google.api.serviceusage.v1beta1.ServiceIdentity","email":"service-528533156733@gcp-sa-eventarc.iam.gserviceaccount.com","uniqueId":"116358410138168998976"}}
[debug] [2025-08-22T02:37:11.134Z] Checked if tokens are valid: true, expires at: 1755832041914
[debug] [2025-08-22T02:37:11.134Z] Checked if tokens are valid: true, expires at: 1755832041914
[debug] [2025-08-22T02:37:11.134Z] >>> [apiv2][query] GET https://cloudresourcemanager.googleapis.com/v1/projects/team-03-a3c10 [none]
[debug] [2025-08-22T02:37:12.380Z] <<< [apiv2][status] GET https://cloudresourcemanager.googleapis.com/v1/projects/team-03-a3c10 200
[debug] [2025-08-22T02:37:12.380Z] <<< [apiv2][body] GET https://cloudresourcemanager.googleapis.com/v1/projects/team-03-a3c10 {"projectNumber":"528533156733","projectId":"team-03-a3c10","lifecycleState":"ACTIVE","name":"team-03","labels":{"firebase":"enabled","firebase-core":"disabled"},"createTime":"2025-08-08T02:16:57.203776Z"}
[debug] [2025-08-22T02:37:12.381Z] Checked if tokens are valid: true, expires at: 1755832041914
[debug] [2025-08-22T02:37:12.381Z] Checked if tokens are valid: true, expires at: 1755832041914
[debug] [2025-08-22T02:37:12.381Z] >>> [apiv2][query] GET https://compute.googleapis.com/compute/v1/projects/528533156733 [none]
[debug] [2025-08-22T02:37:12.777Z] <<< [apiv2][status] GET https://compute.googleapis.com/compute/v1/projects/528533156733 403
[debug] [2025-08-22T02:37:12.777Z] <<< [apiv2][body] GET https://compute.googleapis.com/compute/v1/projects/528533156733 {"error":{"code":403,"message":"Compute Engine API has not been used in project 528533156733 before or it is disabled. Enable it by visiting https://console.developers.google.com/apis/api/compute.googleapis.com/overview?project=528533156733 then retry. If you enabled this API recently, wait a few minutes for the action to propagate to our systems and retry.","errors":[{"message":"Compute Engine API has not been used in project 528533156733 before or it is disabled. Enable it by visiting https://console.developers.google.com/apis/api/compute.googleapis.com/overview?project=528533156733 then retry. If you enabled this API recently, wait a few minutes for the action to propagate to our systems and retry.","domain":"usageLimits","reason":"accessNotConfigured","extendedHelp":"https://console.developers.google.com"}],"status":"PERMISSION_DENIED","details":[{"@type":"type.googleapis.com/google.rpc.ErrorInfo","reason":"SERVICE_DISABLED","domain":"googleapis.com","metadata":{"activationUrl":"https://console.developers.google.com/apis/api/compute.googleapis.com/overview?project=528533156733","consumer":"projects/528533156733","containerInfo":"528533156733","service":"compute.googleapis.com","serviceTitle":"Compute Engine API"}},{"@type":"type.googleapis.com/google.rpc.LocalizedMessage","locale":"en-US","message":"Compute Engine API has not been used in project 528533156733 before or it is disabled. Enable it by visiting https://console.developers.google.com/apis/api/compute.googleapis.com/overview?project=528533156733 then retry. If you enabled this API recently, wait a few minutes for the action to propagate to our systems and retry."},{"@type":"type.googleapis.com/google.rpc.Help","links":[{"description":"Google developers console API activation","url":"https://console.developers.google.com/apis/api/compute.googleapis.com/overview?project=528533156733"}]}]}}
[debug] [2025-08-22T02:37:12.778Z] unable to look up default compute service account. Falling back to 528533156733-compute@developer.gserviceaccount.com. Error: {"name":"FirebaseError","children":[],"context":{"body":{"error":{"code":403,"message":"Compute Engine API has not been used in project 528533156733 before or it is disabled. Enable it by visiting https://console.developers.google.com/apis/api/compute.googleapis.com/overview?project=528533156733 then retry. If you enabled this API recently, wait a few minutes for the action to propagate to our systems and retry.","errors":[{"message":"Compute Engine API has not been used in project 528533156733 before or it is disabled. Enable it by visiting https://console.developers.google.com/apis/api/compute.googleapis.com/overview?project=528533156733 then retry. If you enabled this API recently, wait a few minutes for the action to propagate to our systems and retry.","domain":"usageLimits","reason":"accessNotConfigured","extendedHelp":"https://console.developers.google.com"}],"status":"PERMISSION_DENIED","details":[{"@type":"type.googleapis.com/google.rpc.ErrorInfo","reason":"SERVICE_DISABLED","domain":"googleapis.com","metadata":{"activationUrl":"https://console.developers.google.com/apis/api/compute.googleapis.com/overview?project=528533156733","consumer":"projects/528533156733","containerInfo":"528533156733","service":"compute.googleapis.com","serviceTitle":"Compute Engine API"}},{"@type":"type.googleapis.com/google.rpc.LocalizedMessage","locale":"en-US","message":"Compute Engine API has not been used in project 528533156733 before or it is disabled. Enable it by visiting https://console.developers.google.com/apis/api/compute.googleapis.com/overview?project=528533156733 then retry. If you enabled this API recently, wait a few minutes for the action to propagate to our systems and retry."},{"@type":"type.googleapis.com/google.rpc.Help","links":[{"description":"Google developers console API activation","url":"https://console.developers.google.com/apis/api/compute.googleapis.com/overview?project=528533156733"}]}]}},"response":{"statusCode":403}},"exit":1,"message":"Request to https://compute.googleapis.com/compute/v1/projects/528533156733 had HTTP Error: 403, Compute Engine API has not been used in project 528533156733 before or it is disabled. Enable it by visiting https://console.developers.google.com/apis/api/compute.googleapis.com/overview?project=528533156733 then retry. If you enabled this API recently, wait a few minutes for the action to propagate to our systems and retry.","status":403}
[debug] [2025-08-22T02:37:12.779Z] Checked if tokens are valid: true, expires at: 1755832041914
[debug] [2025-08-22T02:37:12.779Z] Checked if tokens are valid: true, expires at: 1755832041914
[debug] [2025-08-22T02:37:12.779Z] >>> [apiv2][query] GET https://cloudbilling.googleapis.com/v1/projects/team-03-a3c10/billingInfo [none]
[debug] [2025-08-22T02:37:14.162Z] <<< [apiv2][status] GET https://cloudbilling.googleapis.com/v1/projects/team-03-a3c10/billingInfo 200
[debug] [2025-08-22T02:37:14.163Z] <<< [apiv2][body] GET https://cloudbilling.googleapis.com/v1/projects/team-03-a3c10/billingInfo {"name":"projects/team-03-a3c10/billingInfo","projectId":"team-03-a3c10","billingAccountName":"billingAccounts/01366E-2F1319-3D2D93","billingEnabled":true}
[debug] [2025-08-22T02:37:14.163Z] [functions] found 1 new HTTP functions, testing setIamPolicy permission...
[debug] [2025-08-22T02:37:14.164Z] Checked if tokens are valid: true, expires at: 1755832041914
[debug] [2025-08-22T02:37:14.164Z] Checked if tokens are valid: true, expires at: 1755832041914
[debug] [2025-08-22T02:37:14.164Z] >>> [apiv2][query] POST https://cloudresourcemanager.googleapis.com/v1/projects/team-03-a3c10:testIamPermissions [none]
[debug] [2025-08-22T02:37:14.164Z] >>> [apiv2][(partial)header] POST https://cloudresourcemanager.googleapis.com/v1/projects/team-03-a3c10:testIamPermissions x-goog-quota-user=projects/team-03-a3c10
[debug] [2025-08-22T02:37:14.164Z] >>> [apiv2][body] POST https://cloudresourcemanager.googleapis.com/v1/projects/team-03-a3c10:testIamPermissions {"permissions":["cloudfunctions.functions.setIamPolicy"]}
[debug] [2025-08-22T02:37:14.410Z] <<< [apiv2][status] POST https://cloudresourcemanager.googleapis.com/v1/projects/team-03-a3c10:testIamPermissions 200
[debug] [2025-08-22T02:37:14.410Z] <<< [apiv2][body] POST https://cloudresourcemanager.googleapis.com/v1/projects/team-03-a3c10:testIamPermissions {"permissions":["cloudfunctions.functions.setIamPolicy"]}
[debug] [2025-08-22T02:37:14.410Z] [functions] found setIamPolicy permission, proceeding with deploy
[debug] [2025-08-22T02:37:14.410Z] Checked if tokens are valid: true, expires at: 1755832041914
[debug] [2025-08-22T02:37:14.411Z] Checked if tokens are valid: true, expires at: 1755832041914
[debug] [2025-08-22T02:37:14.411Z] >>> [apiv2][query] POST https://cloudfunctions.googleapis.com/v2/projects/team-03-a3c10/locations/us-central1/functions:generateUploadUrl [none]
[debug] [2025-08-22T02:37:16.737Z] <<< [apiv2][status] POST https://cloudfunctions.googleapis.com/v2/projects/team-03-a3c10/locations/us-central1/functions:generateUploadUrl 200
[debug] [2025-08-22T02:37:16.737Z] <<< [apiv2][body] POST https://cloudfunctions.googleapis.com/v2/projects/team-03-a3c10/locations/us-central1/functions:generateUploadUrl {"uploadUrl":"https://storage.googleapis.com/gcf-v2-uploads-528533156733.us-central1.cloudfunctions.appspot.com/beee2a90-b6fa-426f-90d8-58faf9778588.zip?GoogleAccessId=service-528533156733@gcf-admin-robot.iam.gserviceaccount.com&Expires=1755832036&Signature=S09o9dEcb8KVzijTkpVowJHacpAUMcUkCic9kJp7%2FyXKuOLFZIdSvAf9Q7AwjIJUO1iqOdl%2BneIPA%2Bft3ykdB4rGgD3IdzMTgXc9qIzHAQsmWh1pjmXYq%2FxDsVo%2FQOr79zc0NI0CeWjts6pNWz8WRkQggNZgd%2FXaawmqAddKZRNbZn5jbYCFoYLoUqRnXlXLIbWSNLbySq2E14asgS8Q0HxdX4T1VnDDlM64rfpsIy7RRIir1MzasQm7IlJ9KMV%2Bz%2BUhcSRDJzCOmCg1wHJprLUzaDlBJYRnrZe34unGzt7LG5XBxXl0M2gh1jVLucuseDjW69L6Ubp5c%2BKttK25QA%3D%3D","storageSource":{"bucket":"gcf-v2-uploads-528533156733.us-central1.cloudfunctions.appspot.com","object":"beee2a90-b6fa-426f-90d8-58faf9778588.zip"}}
[debug] [2025-08-22T02:37:16.739Z] >>> [apiv2][query] PUT https://storage.googleapis.com/gcf-v2-uploads-528533156733.us-central1.cloudfunctions.appspot.com/beee2a90-b6fa-426f-90d8-58faf9778588.zip GoogleAccessId=service-528533156733%40gcf-admin-robot.iam.gserviceaccount.com&Expires=1755832036&Signature=S09o9dEcb8KVzijTkpVowJHacpAUMcUkCic9kJp7%2FyXKuOLFZIdSvAf9Q7AwjIJUO1iqOdl%2BneIPA%2Bft3ykdB4rGgD3IdzMTgXc9qIzHAQsmWh1pjmXYq%2FxDsVo%2FQOr79zc0NI0CeWjts6pNWz8WRkQggNZgd%2FXaawmqAddKZRNbZn5jbYCFoYLoUqRnXlXLIbWSNLbySq2E14asgS8Q0HxdX4T1VnDDlM64rfpsIy7RRIir1MzasQm7IlJ9KMV%2Bz%2BUhcSRDJzCOmCg1wHJprLUzaDlBJYRnrZe34unGzt7LG5XBxXl0M2gh1jVLucuseDjW69L6Ubp5c%2BKttK25QA%3D%3D
[debug] [2025-08-22T02:37:16.739Z] >>> [apiv2][body] PUT https://storage.googleapis.com/gcf-v2-uploads-528533156733.us-central1.cloudfunctions.appspot.com/beee2a90-b6fa-426f-90d8-58faf9778588.zip [stream]
[debug] [2025-08-22T02:37:17.731Z] <<< [apiv2][status] PUT https://storage.googleapis.com/gcf-v2-uploads-528533156733.us-central1.cloudfunctions.appspot.com/beee2a90-b6fa-426f-90d8-58faf9778588.zip 200
[debug] [2025-08-22T02:37:17.731Z] <<< [apiv2][body] PUT https://storage.googleapis.com/gcf-v2-uploads-528533156733.us-central1.cloudfunctions.appspot.com/beee2a90-b6fa-426f-90d8-58faf9778588.zip [omitted]
[info] ✔  functions: functions folder uploaded successfully 
[info] i  functions: creating Node.js 22 (2nd Gen) function helloWorld(us-central1)... 
[debug] [2025-08-22T02:37:17.736Z] Checked if tokens are valid: true, expires at: 1755832041914
[debug] [2025-08-22T02:37:17.736Z] Checked if tokens are valid: true, expires at: 1755832041914
[debug] [2025-08-22T02:37:17.736Z] >>> [apiv2][query] POST https://cloudfunctions.googleapis.com/v2/projects/team-03-a3c10/locations/us-central1/functions functionId=helloWorld
[debug] [2025-08-22T02:37:17.736Z] >>> [apiv2][body] POST https://cloudfunctions.googleapis.com/v2/projects/team-03-a3c10/locations/us-central1/functions {"name":"projects/team-03-a3c10/locations/us-central1/functions/helloWorld","buildConfig":{"runtime":"nodejs22","entryPoint":"helloWorld","source":{"storageSource":{"bucket":"gcf-v2-uploads-528533156733.us-central1.cloudfunctions.appspot.com","object":"beee2a90-b6fa-426f-90d8-58faf9778588.zip"}},"environmentVariables":{"GOOGLE_NODE_RUN_SCRIPTS":""}},"serviceConfig":{"environmentVariables":{"FIREBASE_CONFIG":"{\"projectId\":\"team-03-a3c10\",\"storageBucket\":\"team-03-a3c10.firebasestorage.app\"}","GCLOUD_PROJECT":"team-03-a3c10","EVENTARC_CLOUD_EVENT_SOURCE":"projects/team-03-a3c10/locations/us-central1/services/helloWorld","FUNCTION_TARGET":"helloWorld","LOG_EXECUTION_ID":"true"},"ingressSettings":null,"timeoutSeconds":null,"serviceAccountEmail":null,"availableMemory":"256Mi","minInstanceCount":null,"maxInstanceCount":null,"maxInstanceRequestConcurrency":80,"availableCpu":"1","vpcConnector":null,"vpcConnectorEgressSettings":null},"labels":{"deployment-tool":"cli-firebase","firebase-functions-hash":"1d53a9359ee2be7626a355200a5b69b1df92b4e0"}}
[debug] [2025-08-22T02:37:20.015Z] <<< [apiv2][status] POST https://cloudfunctions.googleapis.com/v2/projects/team-03-a3c10/locations/us-central1/functions 200
[debug] [2025-08-22T02:37:20.015Z] <<< [apiv2][body] POST https://cloudfunctions.googleapis.com/v2/projects/team-03-a3c10/locations/us-central1/functions {"name":"projects/team-03-a3c10/locations/us-central1/operations/operation-1755830238976-63ceb15ae1a56-1d00ab74-22f95740","metadata":{"@type":"type.googleapis.com/google.cloud.functions.v2.OperationMetadata","createTime":"2025-08-22T02:37:19.958242160Z","target":"projects/team-03-a3c10/locations/us-central1/functions/helloWorld","verb":"create","cancelRequested":false,"apiVersion":"v2"},"done":false}
[debug] [2025-08-22T02:37:20.015Z] Checked if tokens are valid: true, expires at: 1755832041914
[debug] [2025-08-22T02:37:20.015Z] Checked if tokens are valid: true, expires at: 1755832041914
[debug] [2025-08-22T02:37:20.015Z] >>> [apiv2][query] GET https://cloudfunctions.googleapis.com/v2/projects/team-03-a3c10/locations/us-central1/operations/operation-1755830238976-63ceb15ae1a56-1d00ab74-22f95740 [none]
[debug] [2025-08-22T02:37:21.325Z] <<< [apiv2][status] GET https://cloudfunctions.googleapis.com/v2/projects/team-03-a3c10/locations/us-central1/operations/operation-1755830238976-63ceb15ae1a56-1d00ab74-22f95740 200
[debug] [2025-08-22T02:37:21.325Z] <<< [apiv2][body] GET https://cloudfunctions.googleapis.com/v2/projects/team-03-a3c10/locations/us-central1/operations/operation-1755830238976-63ceb15ae1a56-1d00ab74-22f95740 {"name":"projects/team-03-a3c10/locations/us-central1/operations/operation-1755830238976-63ceb15ae1a56-1d00ab74-22f95740","metadata":{"@type":"type.googleapis.com/google.cloud.functions.v2.OperationMetadata","createTime":"2025-08-22T02:37:19.958242160Z","target":"projects/team-03-a3c10/locations/us-central1/functions/helloWorld","verb":"create","cancelRequested":false,"apiVersion":"v2","requestResource":{"@type":"type.googleapis.com/google.cloud.functions.v2.Function","name":"projects/team-03-a3c10/locations/us-central1/functions/helloWorld","buildConfig":{"runtime":"nodejs22","entryPoint":"helloWorld","source":{"storageSource":{"bucket":"gcf-v2-sources-528533156733-us-central1","object":"helloWorld/function-source.zip","generation":"1755830239668648"}},"environmentVariables":{"GOOGLE_NODE_RUN_SCRIPTS":""},"serviceAccount":"projects/team-03-a3c10/serviceAccounts/528533156733-compute@developer.gserviceaccount.com","automaticUpdatePolicy":{}},"serviceConfig":{"service":"projects/team-03-a3c10/locations/us-central1/services/helloworld","timeoutSeconds":60,"environmentVariables":{"FIREBASE_CONFIG":"{\"projectId\":\"team-03-a3c10\",\"storageBucket\":\"team-03-a3c10.firebasestorage.app\"}","GCLOUD_PROJECT":"team-03-a3c10","EVENTARC_CLOUD_EVENT_SOURCE":"projects/team-03-a3c10/locations/us-central1/services/helloWorld","FUNCTION_TARGET":"helloWorld","LOG_EXECUTION_ID":"true"},"ingressSettings":"ALLOW_ALL","serviceAccountEmail":"528533156733-compute@developer.gserviceaccount.com","availableMemory":"256Mi","maxInstanceRequestConcurrency":80,"availableCpu":"1"},"labels":{"deployment-tool":"cli-firebase","firebase-functions-hash":"1d53a9359ee2be7626a355200a5b69b1df92b4e0"},"environment":"GEN_2"},"stages":[{"name":"BUILD","state":"NOT_STARTED"},{"name":"SERVICE","state":"NOT_STARTED"}],"operationType":"CREATE_FUNCTION"},"done":false}
[debug] [2025-08-22T02:37:21.826Z] [create-default-us-central1-helloWorld] Retrying task index 0
[debug] [2025-08-22T02:37:21.826Z] Checked if tokens are valid: true, expires at: 1755832041914
[debug] [2025-08-22T02:37:21.826Z] Checked if tokens are valid: true, expires at: 1755832041914
[debug] [2025-08-22T02:37:21.826Z] >>> [apiv2][query] GET https://cloudfunctions.googleapis.com/v2/projects/team-03-a3c10/locations/us-central1/operations/operation-1755830238976-63ceb15ae1a56-1d00ab74-22f95740 [none]
[debug] [2025-08-22T02:37:23.099Z] <<< [apiv2][status] GET https://cloudfunctions.googleapis.com/v2/projects/team-03-a3c10/locations/us-central1/operations/operation-1755830238976-63ceb15ae1a56-1d00ab74-22f95740 200
[debug] [2025-08-22T02:37:23.100Z] <<< [apiv2][body] GET https://cloudfunctions.googleapis.com/v2/projects/team-03-a3c10/locations/us-central1/operations/operation-1755830238976-63ceb15ae1a56-1d00ab74-22f95740 {"name":"projects/team-03-a3c10/locations/us-central1/operations/operation-1755830238976-63ceb15ae1a56-1d00ab74-22f95740","metadata":{"@type":"type.googleapis.com/google.cloud.functions.v2.OperationMetadata","createTime":"2025-08-22T02:37:19.958242160Z","target":"projects/team-03-a3c10/locations/us-central1/functions/helloWorld","verb":"create","cancelRequested":false,"apiVersion":"v2","requestResource":{"@type":"type.googleapis.com/google.cloud.functions.v2.Function","name":"projects/team-03-a3c10/locations/us-central1/functions/helloWorld","buildConfig":{"runtime":"nodejs22","entryPoint":"helloWorld","source":{"storageSource":{"bucket":"gcf-v2-sources-528533156733-us-central1","object":"helloWorld/function-source.zip","generation":"1755830239668648"}},"environmentVariables":{"GOOGLE_NODE_RUN_SCRIPTS":""},"serviceAccount":"projects/team-03-a3c10/serviceAccounts/528533156733-compute@developer.gserviceaccount.com","automaticUpdatePolicy":{}},"serviceConfig":{"service":"projects/team-03-a3c10/locations/us-central1/services/helloworld","timeoutSeconds":60,"environmentVariables":{"FIREBASE_CONFIG":"{\"projectId\":\"team-03-a3c10\",\"storageBucket\":\"team-03-a3c10.firebasestorage.app\"}","GCLOUD_PROJECT":"team-03-a3c10","EVENTARC_CLOUD_EVENT_SOURCE":"projects/team-03-a3c10/locations/us-central1/services/helloWorld","FUNCTION_TARGET":"helloWorld","LOG_EXECUTION_ID":"true"},"ingressSettings":"ALLOW_ALL","serviceAccountEmail":"528533156733-compute@developer.gserviceaccount.com","availableMemory":"256Mi","maxInstanceRequestConcurrency":80,"availableCpu":"1"},"labels":{"deployment-tool":"cli-firebase","firebase-functions-hash":"1d53a9359ee2be7626a355200a5b69b1df92b4e0"},"environment":"GEN_2"},"stages":[{"name":"BUILD","state":"NOT_STARTED"},{"name":"SERVICE","state":"NOT_STARTED"}],"operationType":"CREATE_FUNCTION"},"done":false}
[debug] [2025-08-22T02:37:24.101Z] [create-default-us-central1-helloWorld] Retrying task index 0
[debug] [2025-08-22T02:37:24.101Z] Checked if tokens are valid: true, expires at: 1755832041914
[debug] [2025-08-22T02:37:24.101Z] Checked if tokens are valid: true, expires at: 1755832041914
[debug] [2025-08-22T02:37:24.101Z] >>> [apiv2][query] GET https://cloudfunctions.googleapis.com/v2/projects/team-03-a3c10/locations/us-central1/operations/operation-1755830238976-63ceb15ae1a56-1d00ab74-22f95740 [none]
[debug] [2025-08-22T02:37:25.375Z] <<< [apiv2][status] GET https://cloudfunctions.googleapis.com/v2/projects/team-03-a3c10/locations/us-central1/operations/operation-1755830238976-63ceb15ae1a56-1d00ab74-22f95740 200
[debug] [2025-08-22T02:37:25.375Z] <<< [apiv2][body] GET https://cloudfunctions.googleapis.com/v2/projects/team-03-a3c10/locations/us-central1/operations/operation-1755830238976-63ceb15ae1a56-1d00ab74-22f95740 {"name":"projects/team-03-a3c10/locations/us-central1/operations/operation-1755830238976-63ceb15ae1a56-1d00ab74-22f95740","metadata":{"@type":"type.googleapis.com/google.cloud.functions.v2.OperationMetadata","createTime":"2025-08-22T02:37:19.958242160Z","target":"projects/team-03-a3c10/locations/us-central1/functions/helloWorld","verb":"create","cancelRequested":false,"apiVersion":"v2","requestResource":{"@type":"type.googleapis.com/google.cloud.functions.v2.Function","name":"projects/team-03-a3c10/locations/us-central1/functions/helloWorld","buildConfig":{"runtime":"nodejs22","entryPoint":"helloWorld","source":{"storageSource":{"bucket":"gcf-v2-sources-528533156733-us-central1","object":"helloWorld/function-source.zip","generation":"1755830239668648"}},"environmentVariables":{"GOOGLE_NODE_RUN_SCRIPTS":""},"serviceAccount":"projects/team-03-a3c10/serviceAccounts/528533156733-compute@developer.gserviceaccount.com","automaticUpdatePolicy":{}},"serviceConfig":{"service":"projects/team-03-a3c10/locations/us-central1/services/helloworld","timeoutSeconds":60,"environmentVariables":{"FIREBASE_CONFIG":"{\"projectId\":\"team-03-a3c10\",\"storageBucket\":\"team-03-a3c10.firebasestorage.app\"}","GCLOUD_PROJECT":"team-03-a3c10","EVENTARC_CLOUD_EVENT_SOURCE":"projects/team-03-a3c10/locations/us-central1/services/helloWorld","FUNCTION_TARGET":"helloWorld","LOG_EXECUTION_ID":"true"},"ingressSettings":"ALLOW_ALL","serviceAccountEmail":"528533156733-compute@developer.gserviceaccount.com","availableMemory":"256Mi","maxInstanceRequestConcurrency":80,"availableCpu":"1"},"labels":{"deployment-tool":"cli-firebase","firebase-functions-hash":"1d53a9359ee2be7626a355200a5b69b1df92b4e0"},"environment":"GEN_2"},"stages":[{"name":"BUILD","state":"NOT_STARTED"},{"name":"SERVICE","state":"NOT_STARTED"}],"operationType":"CREATE_FUNCTION"},"done":false}
[debug] [2025-08-22T02:37:27.377Z] [create-default-us-central1-helloWorld] Retrying task index 0
[debug] [2025-08-22T02:37:27.377Z] Checked if tokens are valid: true, expires at: 1755832041914
[debug] [2025-08-22T02:37:27.377Z] Checked if tokens are valid: true, expires at: 1755832041914
[debug] [2025-08-22T02:37:27.377Z] >>> [apiv2][query] GET https://cloudfunctions.googleapis.com/v2/projects/team-03-a3c10/locations/us-central1/operations/operation-1755830238976-63ceb15ae1a56-1d00ab74-22f95740 [none]
[debug] [2025-08-22T02:37:28.649Z] <<< [apiv2][status] GET https://cloudfunctions.googleapis.com/v2/projects/team-03-a3c10/locations/us-central1/operations/operation-1755830238976-63ceb15ae1a56-1d00ab74-22f95740 200
[debug] [2025-08-22T02:37:28.649Z] <<< [apiv2][body] GET https://cloudfunctions.googleapis.com/v2/projects/team-03-a3c10/locations/us-central1/operations/operation-1755830238976-63ceb15ae1a56-1d00ab74-22f95740 {"name":"projects/team-03-a3c10/locations/us-central1/operations/operation-1755830238976-63ceb15ae1a56-1d00ab74-22f95740","metadata":{"@type":"type.googleapis.com/google.cloud.functions.v2.OperationMetadata","createTime":"2025-08-22T02:37:19.958242160Z","target":"projects/team-03-a3c10/locations/us-central1/functions/helloWorld","verb":"create","cancelRequested":false,"apiVersion":"v2","requestResource":{"@type":"type.googleapis.com/google.cloud.functions.v2.Function","name":"projects/team-03-a3c10/locations/us-central1/functions/helloWorld","buildConfig":{"runtime":"nodejs22","entryPoint":"helloWorld","source":{"storageSource":{"bucket":"gcf-v2-sources-528533156733-us-central1","object":"helloWorld/function-source.zip","generation":"1755830239668648"}},"environmentVariables":{"GOOGLE_NODE_RUN_SCRIPTS":""},"serviceAccount":"projects/team-03-a3c10/serviceAccounts/528533156733-compute@developer.gserviceaccount.com","automaticUpdatePolicy":{}},"serviceConfig":{"service":"projects/team-03-a3c10/locations/us-central1/services/helloworld","timeoutSeconds":60,"environmentVariables":{"FIREBASE_CONFIG":"{\"projectId\":\"team-03-a3c10\",\"storageBucket\":\"team-03-a3c10.firebasestorage.app\"}","GCLOUD_PROJECT":"team-03-a3c10","EVENTARC_CLOUD_EVENT_SOURCE":"projects/team-03-a3c10/locations/us-central1/services/helloWorld","FUNCTION_TARGET":"helloWorld","LOG_EXECUTION_ID":"true"},"ingressSettings":"ALLOW_ALL","serviceAccountEmail":"528533156733-compute@developer.gserviceaccount.com","availableMemory":"256Mi","maxInstanceRequestConcurrency":80,"availableCpu":"1"},"labels":{"deployment-tool":"cli-firebase","firebase-functions-hash":"1d53a9359ee2be7626a355200a5b69b1df92b4e0"},"environment":"GEN_2"},"stages":[{"name":"BUILD","state":"NOT_STARTED"},{"name":"SERVICE","state":"NOT_STARTED"}],"operationType":"CREATE_FUNCTION"},"done":false}
[debug] [2025-08-22T02:37:32.651Z] [create-default-us-central1-helloWorld] Retrying task index 0
[debug] [2025-08-22T02:37:32.651Z] Checked if tokens are valid: true, expires at: 1755832041914
[debug] [2025-08-22T02:37:32.652Z] Checked if tokens are valid: true, expires at: 1755832041914
[debug] [2025-08-22T02:37:32.652Z] >>> [apiv2][query] GET https://cloudfunctions.googleapis.com/v2/projects/team-03-a3c10/locations/us-central1/operations/operation-1755830238976-63ceb15ae1a56-1d00ab74-22f95740 [none]
[debug] [2025-08-22T02:37:33.933Z] <<< [apiv2][status] GET https://cloudfunctions.googleapis.com/v2/projects/team-03-a3c10/locations/us-central1/operations/operation-1755830238976-63ceb15ae1a56-1d00ab74-22f95740 200
[debug] [2025-08-22T02:37:33.933Z] <<< [apiv2][body] GET https://cloudfunctions.googleapis.com/v2/projects/team-03-a3c10/locations/us-central1/operations/operation-1755830238976-63ceb15ae1a56-1d00ab74-22f95740 {"name":"projects/team-03-a3c10/locations/us-central1/operations/operation-1755830238976-63ceb15ae1a56-1d00ab74-22f95740","metadata":{"@type":"type.googleapis.com/google.cloud.functions.v2.OperationMetadata","createTime":"2025-08-22T02:37:19.958242160Z","target":"projects/team-03-a3c10/locations/us-central1/functions/helloWorld","verb":"create","cancelRequested":false,"apiVersion":"v2","requestResource":{"@type":"type.googleapis.com/google.cloud.functions.v2.Function","name":"projects/team-03-a3c10/locations/us-central1/functions/helloWorld","buildConfig":{"runtime":"nodejs22","entryPoint":"helloWorld","source":{"storageSource":{"bucket":"gcf-v2-sources-528533156733-us-central1","object":"helloWorld/function-source.zip","generation":"1755830239668648"}},"environmentVariables":{"GOOGLE_NODE_RUN_SCRIPTS":""},"serviceAccount":"projects/team-03-a3c10/serviceAccounts/528533156733-compute@developer.gserviceaccount.com","automaticUpdatePolicy":{}},"serviceConfig":{"service":"projects/team-03-a3c10/locations/us-central1/services/helloworld","timeoutSeconds":60,"environmentVariables":{"FIREBASE_CONFIG":"{\"projectId\":\"team-03-a3c10\",\"storageBucket\":\"team-03-a3c10.firebasestorage.app\"}","GCLOUD_PROJECT":"team-03-a3c10","EVENTARC_CLOUD_EVENT_SOURCE":"projects/team-03-a3c10/locations/us-central1/services/helloWorld","FUNCTION_TARGET":"helloWorld","LOG_EXECUTION_ID":"true"},"ingressSettings":"ALLOW_ALL","serviceAccountEmail":"528533156733-compute@developer.gserviceaccount.com","availableMemory":"256Mi","maxInstanceRequestConcurrency":80,"availableCpu":"1"},"labels":{"deployment-tool":"cli-firebase","firebase-functions-hash":"1d53a9359ee2be7626a355200a5b69b1df92b4e0"},"environment":"GEN_2"},"stages":[{"name":"BUILD","message":"Build in progress","state":"IN_PROGRESS","resource":"projects/528533156733/locations/us-central1/builds/cefd34e1-a21b-4aec-9964-947dd650c175","resourceUri":"https://console.cloud.google.com/cloud-build/builds;region=us-central1/cefd34e1-a21b-4aec-9964-947dd650c175?project=528533156733"},{"name":"SERVICE","state":"NOT_STARTED"}],"operationType":"CREATE_FUNCTION","buildName":"projects/528533156733/locations/us-central1/builds/cefd34e1-a21b-4aec-9964-947dd650c175"},"done":false}
[debug] [2025-08-22T02:37:41.934Z] [create-default-us-central1-helloWorld] Retrying task index 0
[debug] [2025-08-22T02:37:41.935Z] Checked if tokens are valid: true, expires at: 1755832041914
[debug] [2025-08-22T02:37:41.935Z] Checked if tokens are valid: true, expires at: 1755832041914
[debug] [2025-08-22T02:37:41.935Z] >>> [apiv2][query] GET https://cloudfunctions.googleapis.com/v2/projects/team-03-a3c10/locations/us-central1/operations/operation-1755830238976-63ceb15ae1a56-1d00ab74-22f95740 [none]
[debug] [2025-08-22T02:37:43.289Z] <<< [apiv2][status] GET https://cloudfunctions.googleapis.com/v2/projects/team-03-a3c10/locations/us-central1/operations/operation-1755830238976-63ceb15ae1a56-1d00ab74-22f95740 200
[debug] [2025-08-22T02:37:43.289Z] <<< [apiv2][body] GET https://cloudfunctions.googleapis.com/v2/projects/team-03-a3c10/locations/us-central1/operations/operation-1755830238976-63ceb15ae1a56-1d00ab74-22f95740 {"name":"projects/team-03-a3c10/locations/us-central1/operations/operation-1755830238976-63ceb15ae1a56-1d00ab74-22f95740","metadata":{"@type":"type.googleapis.com/google.cloud.functions.v2.OperationMetadata","createTime":"2025-08-22T02:37:19.958242160Z","target":"projects/team-03-a3c10/locations/us-central1/functions/helloWorld","verb":"create","cancelRequested":false,"apiVersion":"v2","requestResource":{"@type":"type.googleapis.com/google.cloud.functions.v2.Function","name":"projects/team-03-a3c10/locations/us-central1/functions/helloWorld","buildConfig":{"runtime":"nodejs22","entryPoint":"helloWorld","source":{"storageSource":{"bucket":"gcf-v2-sources-528533156733-us-central1","object":"helloWorld/function-source.zip","generation":"1755830239668648"}},"environmentVariables":{"GOOGLE_NODE_RUN_SCRIPTS":""},"serviceAccount":"projects/team-03-a3c10/serviceAccounts/528533156733-compute@developer.gserviceaccount.com","automaticUpdatePolicy":{}},"serviceConfig":{"service":"projects/team-03-a3c10/locations/us-central1/services/helloworld","timeoutSeconds":60,"environmentVariables":{"FIREBASE_CONFIG":"{\"projectId\":\"team-03-a3c10\",\"storageBucket\":\"team-03-a3c10.firebasestorage.app\"}","GCLOUD_PROJECT":"team-03-a3c10","EVENTARC_CLOUD_EVENT_SOURCE":"projects/team-03-a3c10/locations/us-central1/services/helloWorld","FUNCTION_TARGET":"helloWorld","LOG_EXECUTION_ID":"true"},"ingressSettings":"ALLOW_ALL","serviceAccountEmail":"528533156733-compute@developer.gserviceaccount.com","availableMemory":"256Mi","maxInstanceRequestConcurrency":80,"availableCpu":"1"},"labels":{"deployment-tool":"cli-firebase","firebase-functions-hash":"1d53a9359ee2be7626a355200a5b69b1df92b4e0"},"environment":"GEN_2"},"stages":[{"name":"BUILD","message":"Build in progress","state":"IN_PROGRESS","resource":"projects/528533156733/locations/us-central1/builds/cefd34e1-a21b-4aec-9964-947dd650c175","resourceUri":"https://console.cloud.google.com/cloud-build/builds;region=us-central1/cefd34e1-a21b-4aec-9964-947dd650c175?project=528533156733"},{"name":"SERVICE","state":"NOT_STARTED"}],"operationType":"CREATE_FUNCTION","buildName":"projects/528533156733/locations/us-central1/builds/cefd34e1-a21b-4aec-9964-947dd650c175"},"done":false}
